z:\visual studio projects\kursinis1\kursinis1\x64\debug\vc143.pdb
z:\visual studio projects\kursinis1\kursinis1\x64\debug\vc143.idb
z:\visual studio projects\kursinis1\kursinis1\x64\debug\utils.obj
z:\visual studio projects\kursinis1\kursinis1\x64\debug\test.obj
z:\visual studio projects\kursinis1\kursinis1\x64\debug\space.obj
z:\visual studio projects\kursinis1\kursinis1\x64\debug\source.obj
z:\visual studio projects\kursinis1\kursinis1\x64\debug\screen.obj
z:\visual studio projects\kursinis1\kursinis1\x64\debug\queen.obj
z:\visual studio projects\kursinis1\kursinis1\x64\debug\graphic.obj
z:\visual studio projects\kursinis1\kursinis1\x64\debug\gamemanager.obj
z:\visual studio projects\kursinis1\kursinis1\x64\debug\checker.obj
z:\visual studio projects\kursinis1\kursinis1\x64\debug\board.obj
z:\visual studio projects\kursinis1\x64\debug\gmock.dll
z:\visual studio projects\kursinis1\x64\debug\kursinis1.exe
z:\visual studio projects\kursinis1\kursinis1\x64\debug\kursinis1.ilk
z:\visual studio projects\kursinis1\x64\debug\kursinis1.pdb
z:\visual studio projects\kursinis1\kursinis1\x64\debug\kursinis1.tlog\cl.command.1.tlog
z:\visual studio projects\kursinis1\kursinis1\x64\debug\kursinis1.tlog\cl.read.1.tlog
z:\visual studio projects\kursinis1\kursinis1\x64\debug\kursinis1.tlog\cl.write.1.tlog
z:\visual studio projects\kursinis1\kursinis1\x64\debug\kursinis1.tlog\kursinis1.write.1u.tlog
z:\visual studio projects\kursinis1\kursinis1\x64\debug\kursinis1.tlog\link.command.1.tlog
z:\visual studio projects\kursinis1\kursinis1\x64\debug\kursinis1.tlog\link.read.1.tlog
z:\visual studio projects\kursinis1\kursinis1\x64\debug\kursinis1.tlog\link.write.1.tlog
